c:\users\heath\desktop\uni\projects\blackjack\blackjack\game\vc140.pdb
c:\users\heath\desktop\uni\projects\blackjack\blackjack\game\player.obj
c:\users\heath\desktop\uni\projects\blackjack\blackjack\game\deck.obj
c:\users\heath\desktop\uni\projects\blackjack\blackjack\game\dealer.obj
c:\users\heath\desktop\uni\projects\blackjack\blackjack\game\card.obj
c:\users\heath\desktop\uni\projects\blackjack\blackjack\game\vc140.idb
c:\users\heath\desktop\uni\projects\blackjack\blackjack\game\game.obj
c:\users\heath\desktop\uni\projects\blackjack\blackjack\game\main.obj
c:\users\heath\desktop\uni\projects\blackjack\blackjack\game\blackjack_debug.ilk
c:\users\heath\desktop\uni\projects\blackjack\blackjack\game\blackjack_debug.exe
c:\users\heath\desktop\uni\projects\blackjack\blackjack\game\blackjack_debug.pdb
c:\users\heath\desktop\uni\projects\blackjack\blackjack\game\blackjack.ipdb
c:\users\heath\desktop\uni\projects\blackjack\blackjack\game\blackjack.iobj
c:\users\heath\desktop\uni\projects\blackjack\blackjack\game\blackjack.pdb
c:\users\heath\desktop\uni\projects\blackjack\blackjack\\game\blackjack_debug.pdb
c:\users\heath\desktop\uni\projects\blackjack\blackjack\\game\blackjack_debug.exe
c:\users\heath\desktop\uni\projects\blackjack\blackjack\\game\blackjack_debug.ilk
c:\users\heath\desktop\uni\projects\blackjack\blackjack\game\blackjack.tlog\cl.command.1.tlog
c:\users\heath\desktop\uni\projects\blackjack\blackjack\game\blackjack.tlog\cl.read.1.tlog
c:\users\heath\desktop\uni\projects\blackjack\blackjack\game\blackjack.tlog\cl.write.1.tlog
c:\users\heath\desktop\uni\projects\blackjack\blackjack\game\blackjack.tlog\link.command.1.tlog
c:\users\heath\desktop\uni\projects\blackjack\blackjack\game\blackjack.tlog\link.read.1.tlog
c:\users\heath\desktop\uni\projects\blackjack\blackjack\game\blackjack.tlog\link.write.1.tlog
